{"/home/oseias-costa/Documentos/projeto-selecao/projeto-selecao/api/application/balance.usecase.ts": {"path":"/home/oseias-costa/Documentos/projeto-selecao/projeto-selecao/api/application/balance.usecase.ts","statementMap":{"0":{"start":{"line":8,"column":8},"end":{"line":8,"column":38}},"1":{"start":{"line":12,"column":22},"end":{"line":12,"column":28}},"2":{"start":{"line":14,"column":29},"end":{"line":14,"column":90}},"3":{"start":{"line":15,"column":8},"end":{"line":17,"column":9}},"4":{"start":{"line":16,"column":12},"end":{"line":16,"column":42}},"5":{"start":{"line":19,"column":36},"end":{"line":27,"column":9}},"6":{"start":{"line":29,"column":23},"end":{"line":29,"column":75}},"7":{"start":{"line":31,"column":8},"end":{"line":31,"column":25}},"8":{"start":{"line":35,"column":28},"end":{"line":35,"column":75}},"9":{"start":{"line":36,"column":8},"end":{"line":36,"column":26}},"10":{"start":{"line":40,"column":8},"end":{"line":42,"column":9}},"11":{"start":{"line":41,"column":12},"end":{"line":41,"column":39}},"12":{"start":{"line":44,"column":30},"end":{"line":44,"column":71}},"13":{"start":{"line":46,"column":8},"end":{"line":48,"column":9}},"14":{"start":{"line":47,"column":12},"end":{"line":47,"column":52}},"15":{"start":{"line":50,"column":27},"end":{"line":50,"column":68}},"16":{"start":{"line":51,"column":8},"end":{"line":53,"column":9}},"17":{"start":{"line":52,"column":12},"end":{"line":52,"column":23}},"18":{"start":{"line":55,"column":8},"end":{"line":55,"column":20}},"19":{"start":{"line":60,"column":8},"end":{"line":62,"column":9}},"20":{"start":{"line":61,"column":12},"end":{"line":61,"column":56}},"21":{"start":{"line":64,"column":8},"end":{"line":66,"column":9}},"22":{"start":{"line":65,"column":12},"end":{"line":65,"column":47}},"23":{"start":{"line":68,"column":27},"end":{"line":68,"column":85}},"24":{"start":{"line":69,"column":8},"end":{"line":71,"column":9}},"25":{"start":{"line":70,"column":12},"end":{"line":70,"column":54}},"26":{"start":{"line":73,"column":8},"end":{"line":73,"column":46}},"27":{"start":{"line":77,"column":8},"end":{"line":79,"column":9}},"28":{"start":{"line":78,"column":12},"end":{"line":78,"column":39}},"29":{"start":{"line":81,"column":8},"end":{"line":83,"column":9}},"30":{"start":{"line":82,"column":12},"end":{"line":82,"column":51}},"31":{"start":{"line":85,"column":8},"end":{"line":87,"column":9}},"32":{"start":{"line":86,"column":12},"end":{"line":86,"column":53}},"33":{"start":{"line":88,"column":8},"end":{"line":88,"column":19}}},"fnMap":{"0":{"name":"(anonymous_0)","decl":{"start":{"line":7,"column":4},"end":{"line":7,"column":5}},"loc":{"start":{"line":7,"column":55},"end":{"line":9,"column":5}},"line":7},"1":{"name":"(anonymous_1)","decl":{"start":{"line":11,"column":4},"end":{"line":11,"column":5}},"loc":{"start":{"line":11,"column":128},"end":{"line":32,"column":5}},"line":11},"2":{"name":"(anonymous_2)","decl":{"start":{"line":34,"column":4},"end":{"line":34,"column":5}},"loc":{"start":{"line":34,"column":71},"end":{"line":37,"column":5}},"line":34},"3":{"name":"(anonymous_3)","decl":{"start":{"line":39,"column":4},"end":{"line":39,"column":5}},"loc":{"start":{"line":39,"column":62},"end":{"line":56,"column":5}},"line":39},"4":{"name":"(anonymous_4)","decl":{"start":{"line":59,"column":4},"end":{"line":59,"column":5}},"loc":{"start":{"line":59,"column":89},"end":{"line":74,"column":5}},"line":59},"5":{"name":"(anonymous_5)","decl":{"start":{"line":76,"column":4},"end":{"line":76,"column":5}},"loc":{"start":{"line":76,"column":101},"end":{"line":90,"column":5}},"line":76}},"branchMap":{"0":{"loc":{"start":{"line":15,"column":8},"end":{"line":17,"column":9}},"type":"if","locations":[{"start":{"line":15,"column":8},"end":{"line":17,"column":9}},{"start":{},"end":{}}],"line":15},"1":{"loc":{"start":{"line":40,"column":8},"end":{"line":42,"column":9}},"type":"if","locations":[{"start":{"line":40,"column":8},"end":{"line":42,"column":9}},{"start":{},"end":{}}],"line":40},"2":{"loc":{"start":{"line":46,"column":8},"end":{"line":48,"column":9}},"type":"if","locations":[{"start":{"line":46,"column":8},"end":{"line":48,"column":9}},{"start":{},"end":{}}],"line":46},"3":{"loc":{"start":{"line":51,"column":8},"end":{"line":53,"column":9}},"type":"if","locations":[{"start":{"line":51,"column":8},"end":{"line":53,"column":9}},{"start":{},"end":{}}],"line":51},"4":{"loc":{"start":{"line":60,"column":8},"end":{"line":62,"column":9}},"type":"if","locations":[{"start":{"line":60,"column":8},"end":{"line":62,"column":9}},{"start":{},"end":{}}],"line":60},"5":{"loc":{"start":{"line":64,"column":8},"end":{"line":66,"column":9}},"type":"if","locations":[{"start":{"line":64,"column":8},"end":{"line":66,"column":9}},{"start":{},"end":{}}],"line":64},"6":{"loc":{"start":{"line":69,"column":8},"end":{"line":71,"column":9}},"type":"if","locations":[{"start":{"line":69,"column":8},"end":{"line":71,"column":9}},{"start":{},"end":{}}],"line":69},"7":{"loc":{"start":{"line":77,"column":8},"end":{"line":79,"column":9}},"type":"if","locations":[{"start":{"line":77,"column":8},"end":{"line":79,"column":9}},{"start":{},"end":{}}],"line":77},"8":{"loc":{"start":{"line":81,"column":8},"end":{"line":83,"column":9}},"type":"if","locations":[{"start":{"line":81,"column":8},"end":{"line":83,"column":9}},{"start":{},"end":{}}],"line":81},"9":{"loc":{"start":{"line":85,"column":8},"end":{"line":87,"column":9}},"type":"if","locations":[{"start":{"line":85,"column":8},"end":{"line":87,"column":9}},{"start":{},"end":{}}],"line":85}},"s":{"0":1,"1":3,"2":3,"3":1,"4":0,"5":1,"6":1,"7":1,"8":0,"9":0,"10":0,"11":0,"12":0,"13":0,"14":0,"15":0,"16":0,"17":0,"18":0,"19":0,"20":0,"21":0,"22":0,"23":0,"24":0,"25":0,"26":0,"27":3,"28":0,"29":3,"30":1,"31":2,"32":1,"33":1},"f":{"0":1,"1":3,"2":0,"3":0,"4":0,"5":3},"b":{"0":[0,1],"1":[0,0],"2":[0,0],"3":[0,0],"4":[0,0],"5":[0,0],"6":[0,0],"7":[0,3],"8":[1,2],"9":[1,1]},"_coverageSchema":"1a1c01bbd47fc00a2c39e90264f33305004495a9","hash":"1e5e420804ded49ce2d5d7c043d927ef1514cc78"}
,"/home/oseias-costa/Documentos/projeto-selecao/projeto-selecao/api/infra/db/mysql.ts": {"path":"/home/oseias-costa/Documentos/projeto-selecao/projeto-selecao/api/infra/db/mysql.ts","statementMap":{"0":{"start":{"line":3,"column":26},"end":{"line":16,"column":2}}},"fnMap":{},"branchMap":{},"s":{"0":1},"f":{},"b":{},"_coverageSchema":"1a1c01bbd47fc00a2c39e90264f33305004495a9","hash":"4c4d6bf13d5bc5c1e44951ab3c139ca5c01f149e"}
,"/home/oseias-costa/Documentos/projeto-selecao/projeto-selecao/api/infra/repository/balance.repository.ts": {"path":"/home/oseias-costa/Documentos/projeto-selecao/projeto-selecao/api/infra/repository/balance.repository.ts","statementMap":{"0":{"start":{"line":15,"column":94},"end":{"line":15,"column":101}},"1":{"start":{"line":17,"column":23},"end":{"line":21,"column":9}},"2":{"start":{"line":22,"column":8},"end":{"line":22,"column":19}},"3":{"start":{"line":26,"column":23},"end":{"line":26,"column":31}},"4":{"start":{"line":28,"column":23},"end":{"line":29,"column":59}},"5":{"start":{"line":31,"column":8},"end":{"line":31,"column":19}},"6":{"start":{"line":35,"column":23},"end":{"line":37,"column":9}},"7":{"start":{"line":39,"column":26},"end":{"line":39,"column":30}},"8":{"start":{"line":40,"column":8},"end":{"line":42,"column":9}},"9":{"start":{"line":41,"column":12},"end":{"line":41,"column":28}},"10":{"start":{"line":44,"column":8},"end":{"line":44,"column":19}},"11":{"start":{"line":48,"column":23},"end":{"line":49,"column":53}},"12":{"start":{"line":51,"column":8},"end":{"line":51,"column":19}},"13":{"start":{"line":55,"column":26},"end":{"line":56,"column":85}},"14":{"start":{"line":58,"column":8},"end":{"line":58,"column":22}}},"fnMap":{"0":{"name":"(anonymous_0)","decl":{"start":{"line":14,"column":4},"end":{"line":14,"column":5}},"loc":{"start":{"line":14,"column":60},"end":{"line":23,"column":5}},"line":14},"1":{"name":"(anonymous_1)","decl":{"start":{"line":25,"column":4},"end":{"line":25,"column":5}},"loc":{"start":{"line":25,"column":59},"end":{"line":32,"column":5}},"line":25},"2":{"name":"(anonymous_2)","decl":{"start":{"line":34,"column":4},"end":{"line":34,"column":5}},"loc":{"start":{"line":34,"column":50},"end":{"line":45,"column":5}},"line":34},"3":{"name":"(anonymous_3)","decl":{"start":{"line":47,"column":4},"end":{"line":47,"column":5}},"loc":{"start":{"line":47,"column":50},"end":{"line":52,"column":5}},"line":47},"4":{"name":"(anonymous_4)","decl":{"start":{"line":54,"column":4},"end":{"line":54,"column":5}},"loc":{"start":{"line":54,"column":77},"end":{"line":59,"column":5}},"line":54}},"branchMap":{"0":{"loc":{"start":{"line":40,"column":8},"end":{"line":42,"column":9}},"type":"if","locations":[{"start":{"line":40,"column":8},"end":{"line":42,"column":9}},{"start":{},"end":{}}],"line":40}},"s":{"0":0,"1":0,"2":0,"3":0,"4":0,"5":0,"6":0,"7":0,"8":0,"9":0,"10":0,"11":0,"12":0,"13":0,"14":0},"f":{"0":0,"1":0,"2":0,"3":0,"4":0},"b":{"0":[0,0]},"_coverageSchema":"1a1c01bbd47fc00a2c39e90264f33305004495a9","hash":"cd57c6bad379cb6070cf899f6d1cc134d45b6e81"}
}
